<?xml version="1.0" encoding="UTF-8"?>
<testng-results ignored="0" total="1" passed="1" failed="0" skipped="0">
  <reporter-output>
  </reporter-output>
  <suite started-at="2024-11-08T18:37:59 EST" name="Default suite" finished-at="2024-11-08T18:37:59 EST" duration-ms="33">
    <groups>
    </groups>
    <test started-at="2024-11-08T18:37:59 EST" name="Default test" finished-at="2024-11-08T18:37:59 EST" duration-ms="33">
      <class name="com.testngAndSuperSub.qa.SubTwo">
        <test-method is-config="true" signature="method4()[pri:0, instance:com.testngAndSuperSub.qa.SubTwo@368f2016]" started-at="2024-11-08T18:37:59 EST" name="method4" finished-at="2024-11-08T18:37:59 EST" duration-ms="3" status="PASS">
          <reporter-output>
          </reporter-output>
        </test-method> <!-- method4 -->
        <test-method signature="method3()[pri:0, instance:com.testngAndSuperSub.qa.SubTwo@368f2016]" started-at="2024-11-08T18:37:59 EST" name="method3" finished-at="2024-11-08T18:37:59 EST" duration-ms="8" status="PASS">
          <reporter-output>
          </reporter-output>
        </test-method> <!-- method3 -->
        <test-method is-config="true" signature="method5()[pri:0, instance:com.testngAndSuperSub.qa.SubTwo@368f2016]" started-at="2024-11-08T18:37:59 EST" name="method5" finished-at="2024-11-08T18:37:59 EST" duration-ms="0" status="PASS">
          <reporter-output>
          </reporter-output>
        </test-method> <!-- method5 -->
      </class> <!-- com.testngAndSuperSub.qa.SubTwo -->
    </test> <!-- Default test -->
  </suite> <!-- Default suite -->
</testng-results>
